<?xml version="1.0" encoding="UTF-8"?>
<testsuite xmlns:xsi="http://www.w3.org/2001/XMLSchema-instance" xsi:noNamespaceSchemaLocation="https://maven.apache.org/surefire/maven-surefire-plugin/xsd/surefire-test-report.xsd" name="com.farmer.riskkie.ApplicationTest" time="7.124" tests="1" errors="0" skipped="0" failures="0">
  <properties>
    <property name="sun.desktop" value="windows"/>
    <property name="awt.toolkit" value="sun.awt.windows.WToolkit"/>
    <property name="file.encoding.pkg" value="sun.io"/>
    <property name="java.specification.version" value="1.8"/>
    <property name="sun.cpu.isalist" value="amd64"/>
    <property name="sun.jnu.encoding" value="GBK"/>
    <property name="java.class.path" value="F:\dev\suncloud\sun-risk-control\target\test-classes;F:\dev\suncloud\sun-risk-control\target\classes;D:\5_MavenRepository\org\springframework\boot\spring-boot-starter-web\2.1.8.RELEASE\spring-boot-starter-web-2.1.8.RELEASE.jar;D:\5_MavenRepository\org\springframework\boot\spring-boot-starter\2.1.8.RELEASE\spring-boot-starter-2.1.8.RELEASE.jar;D:\5_MavenRepository\org\springframework\boot\spring-boot\2.1.8.RELEASE\spring-boot-2.1.8.RELEASE.jar;D:\5_MavenRepository\org\springframework\boot\spring-boot-autoconfigure\2.1.8.RELEASE\spring-boot-autoconfigure-2.1.8.RELEASE.jar;D:\5_MavenRepository\org\springframework\boot\spring-boot-starter-logging\2.1.8.RELEASE\spring-boot-starter-logging-2.1.8.RELEASE.jar;D:\5_MavenRepository\ch\qos\logback\logback-classic\1.2.3\logback-classic-1.2.3.jar;D:\5_MavenRepository\ch\qos\logback\logback-core\1.2.3\logback-core-1.2.3.jar;D:\5_MavenRepository\org\apache\logging\log4j\log4j-to-slf4j\2.11.2\log4j-to-slf4j-2.11.2.jar;D:\5_MavenRepository\org\apache\logging\log4j\log4j-api\2.11.2\log4j-api-2.11.2.jar;D:\5_MavenRepository\org\slf4j\jul-to-slf4j\1.7.28\jul-to-slf4j-1.7.28.jar;D:\5_MavenRepository\javax\annotation\javax.annotation-api\1.3.2\javax.annotation-api-1.3.2.jar;D:\5_MavenRepository\org\yaml\snakeyaml\1.23\snakeyaml-1.23.jar;D:\5_MavenRepository\org\springframework\boot\spring-boot-starter-json\2.1.8.RELEASE\spring-boot-starter-json-2.1.8.RELEASE.jar;D:\5_MavenRepository\com\fasterxml\jackson\core\jackson-databind\2.9.9.3\jackson-databind-2.9.9.3.jar;D:\5_MavenRepository\com\fasterxml\jackson\core\jackson-annotations\2.9.0\jackson-annotations-2.9.0.jar;D:\5_MavenRepository\com\fasterxml\jackson\core\jackson-core\2.9.9\jackson-core-2.9.9.jar;D:\5_MavenRepository\com\fasterxml\jackson\datatype\jackson-datatype-jdk8\2.9.9\jackson-datatype-jdk8-2.9.9.jar;D:\5_MavenRepository\com\fasterxml\jackson\datatype\jackson-datatype-jsr310\2.9.9\jackson-datatype-jsr310-2.9.9.jar;D:\5_MavenRepository\com\fasterxml\jackson\module\jackson-module-parameter-names\2.9.9\jackson-module-parameter-names-2.9.9.jar;D:\5_MavenRepository\org\springframework\boot\spring-boot-starter-tomcat\2.1.8.RELEASE\spring-boot-starter-tomcat-2.1.8.RELEASE.jar;D:\5_MavenRepository\org\apache\tomcat\embed\tomcat-embed-core\9.0.24\tomcat-embed-core-9.0.24.jar;D:\5_MavenRepository\org\apache\tomcat\embed\tomcat-embed-el\9.0.24\tomcat-embed-el-9.0.24.jar;D:\5_MavenRepository\org\apache\tomcat\embed\tomcat-embed-websocket\9.0.24\tomcat-embed-websocket-9.0.24.jar;D:\5_MavenRepository\org\hibernate\validator\hibernate-validator\6.0.17.Final\hibernate-validator-6.0.17.Final.jar;D:\5_MavenRepository\javax\validation\validation-api\2.0.1.Final\validation-api-2.0.1.Final.jar;D:\5_MavenRepository\org\jboss\logging\jboss-logging\3.3.3.Final\jboss-logging-3.3.3.Final.jar;D:\5_MavenRepository\com\fasterxml\classmate\1.4.0\classmate-1.4.0.jar;D:\5_MavenRepository\org\springframework\spring-web\5.1.9.RELEASE\spring-web-5.1.9.RELEASE.jar;D:\5_MavenRepository\org\springframework\spring-beans\5.1.9.RELEASE\spring-beans-5.1.9.RELEASE.jar;D:\5_MavenRepository\org\springframework\spring-webmvc\5.1.9.RELEASE\spring-webmvc-5.1.9.RELEASE.jar;D:\5_MavenRepository\org\springframework\spring-aop\5.1.9.RELEASE\spring-aop-5.1.9.RELEASE.jar;D:\5_MavenRepository\org\springframework\spring-context\5.1.9.RELEASE\spring-context-5.1.9.RELEASE.jar;D:\5_MavenRepository\org\springframework\spring-expression\5.1.9.RELEASE\spring-expression-5.1.9.RELEASE.jar;D:\5_MavenRepository\org\springframework\boot\spring-boot-starter-test\2.1.8.RELEASE\spring-boot-starter-test-2.1.8.RELEASE.jar;D:\5_MavenRepository\org\springframework\boot\spring-boot-test\2.1.8.RELEASE\spring-boot-test-2.1.8.RELEASE.jar;D:\5_MavenRepository\org\springframework\boot\spring-boot-test-autoconfigure\2.1.8.RELEASE\spring-boot-test-autoconfigure-2.1.8.RELEASE.jar;D:\5_MavenRepository\com\jayway\jsonpath\json-path\2.4.0\json-path-2.4.0.jar;D:\5_MavenRepository\net\minidev\json-smart\2.3\json-smart-2.3.jar;D:\5_MavenRepository\net\minidev\accessors-smart\1.2\accessors-smart-1.2.jar;D:\5_MavenRepository\org\ow2\asm\asm\5.0.4\asm-5.0.4.jar;D:\5_MavenRepository\junit\junit\4.12\junit-4.12.jar;D:\5_MavenRepository\org\assertj\assertj-core\3.11.1\assertj-core-3.11.1.jar;D:\5_MavenRepository\org\mockito\mockito-core\2.23.4\mockito-core-2.23.4.jar;D:\5_MavenRepository\net\bytebuddy\byte-buddy\1.9.16\byte-buddy-1.9.16.jar;D:\5_MavenRepository\net\bytebuddy\byte-buddy-agent\1.9.16\byte-buddy-agent-1.9.16.jar;D:\5_MavenRepository\org\objenesis\objenesis\2.6\objenesis-2.6.jar;D:\5_MavenRepository\org\hamcrest\hamcrest-core\1.3\hamcrest-core-1.3.jar;D:\5_MavenRepository\org\hamcrest\hamcrest-library\1.3\hamcrest-library-1.3.jar;D:\5_MavenRepository\org\skyscreamer\jsonassert\1.5.0\jsonassert-1.5.0.jar;D:\5_MavenRepository\com\vaadin\external\google\android-json\0.0.20131108.vaadin1\android-json-0.0.20131108.vaadin1.jar;D:\5_MavenRepository\org\springframework\spring-core\5.1.9.RELEASE\spring-core-5.1.9.RELEASE.jar;D:\5_MavenRepository\org\springframework\spring-jcl\5.1.9.RELEASE\spring-jcl-5.1.9.RELEASE.jar;D:\5_MavenRepository\org\springframework\spring-test\5.1.9.RELEASE\spring-test-5.1.9.RELEASE.jar;D:\5_MavenRepository\org\xmlunit\xmlunit-core\2.6.3\xmlunit-core-2.6.3.jar;D:\5_MavenRepository\org\kie\kie-server-spring-boot-starter-drools\7.27.0.Final\kie-server-spring-boot-starter-drools-7.27.0.Final.jar;D:\5_MavenRepository\org\apache\cxf\cxf-spring-boot-starter-jaxrs\3.2.6\cxf-spring-boot-starter-jaxrs-3.2.6.jar;D:\5_MavenRepository\org\apache\cxf\cxf-spring-boot-autoconfigure\3.2.6\cxf-spring-boot-autoconfigure-3.2.6.jar;D:\5_MavenRepository\org\apache\cxf\cxf-rt-transports-http\3.2.6\cxf-rt-transports-http-3.2.6.jar;D:\5_MavenRepository\org\apache\cxf\cxf-rt-frontend-jaxrs\3.2.6\cxf-rt-frontend-jaxrs-3.2.6.jar;D:\5_MavenRepository\javax\ws\rs\javax.ws.rs-api\2.1\javax.ws.rs-api-2.1.jar;D:\5_MavenRepository\org\apache\cxf\cxf-rt-rs-client\3.2.6\cxf-rt-rs-client-3.2.6.jar;D:\5_MavenRepository\org\kie\kie-server-spring-boot-autoconfiguration\7.27.0.Final\kie-server-spring-boot-autoconfiguration-7.27.0.Final.jar;D:\5_MavenRepository\org\springframework\boot\spring-boot-starter-security\2.1.8.RELEASE\spring-boot-starter-security-2.1.8.RELEASE.jar;D:\5_MavenRepository\org\springframework\security\spring-security-web\5.1.6.RELEASE\spring-security-web-5.1.6.RELEASE.jar;D:\5_MavenRepository\org\apache\cxf\cxf-core\3.2.6\cxf-core-3.2.6.jar;D:\5_MavenRepository\com\fasterxml\woodstox\woodstox-core\5.0.3\woodstox-core-5.0.3.jar;D:\5_MavenRepository\org\codehaus\woodstox\stax2-api\3.1.4\stax2-api-3.1.4.jar;D:\5_MavenRepository\org\apache\ws\xmlschema\xmlschema-core\2.2.3\xmlschema-core-2.2.3.jar;D:\5_MavenRepository\org\kie\server\kie-server-api\7.27.0.Final\kie-server-api-7.27.0.Final.jar;D:\5_MavenRepository\org\optaplanner\optaplanner-core\7.27.0.Final\optaplanner-core-7.27.0.Final.jar;D:\5_MavenRepository\org\apache\commons\commons-math3\3.4.1\commons-math3-3.4.1.jar;D:\5_MavenRepository\org\reflections\reflections\0.9.11\reflections-0.9.11.jar;D:\5_MavenRepository\org\optaplanner\optaplanner-persistence-xstream\7.27.0.Final\optaplanner-persistence-xstream-7.27.0.Final.jar;D:\5_MavenRepository\org\optaplanner\optaplanner-persistence-common\7.27.0.Final\optaplanner-persistence-common-7.27.0.Final.jar;D:\5_MavenRepository\org\optaplanner\optaplanner-persistence-jaxb\7.27.0.Final\optaplanner-persistence-jaxb-7.27.0.Final.jar;D:\5_MavenRepository\org\jboss\spec\javax\xml\bind\jboss-jaxb-api_2.3_spec\1.0.1.Final\jboss-jaxb-api_2.3_spec-1.0.1.Final.jar;D:\5_MavenRepository\com\sun\xml\bind\jaxb-core\2.3.0\jaxb-core-2.3.0.jar;D:\5_MavenRepository\com\sun\xml\bind\jaxb-impl\2.3.0\jaxb-impl-2.3.0.jar;D:\5_MavenRepository\javax\activation\activation\1.1.1\activation-1.1.1.jar;D:\5_MavenRepository\com\fasterxml\jackson\module\jackson-module-jaxb-annotations\2.9.9\jackson-module-jaxb-annotations-2.9.9.jar;D:\5_MavenRepository\org\drools\kie-pmml\7.27.0.Final\kie-pmml-7.27.0.Final.jar;D:\5_MavenRepository\org\springframework\security\spring-security-config\5.1.6.RELEASE\spring-security-config-5.1.6.RELEASE.jar;D:\5_MavenRepository\org\springframework\security\spring-security-core\5.1.6.RELEASE\spring-security-core-5.1.6.RELEASE.jar;D:\5_MavenRepository\org\kie\server\kie-server-services-common\7.27.0.Final\kie-server-services-common-7.27.0.Final.jar;D:\5_MavenRepository\org\kie\server\kie-server-controller-api\7.27.0.Final\kie-server-controller-api-7.27.0.Final.jar;D:\5_MavenRepository\org\kie\server\kie-server-common\7.27.0.Final\kie-server-common-7.27.0.Final.jar;D:\5_MavenRepository\org\kie\kie-ci\7.27.0.Final\kie-ci-7.27.0.Final.jar;D:\5_MavenRepository\org\kie\soup\kie-soup-maven-integration\7.27.0.Final\kie-soup-maven-integration-7.27.0.Final.jar;D:\5_MavenRepository\org\eclipse\aether\aether-util\1.1.0\aether-util-1.1.0.jar;D:\5_MavenRepository\org\eclipse\aether\aether-spi\1.1.0\aether-spi-1.1.0.jar;D:\5_MavenRepository\org\eclipse\aether\aether-transport-file\1.1.0\aether-transport-file-1.1.0.jar;D:\5_MavenRepository\org\eclipse\aether\aether-transport-http\1.1.0\aether-transport-http-1.1.0.jar;D:\5_MavenRepository\org\apache\ant\ant\1.8.4\ant-1.8.4.jar;D:\5_MavenRepository\org\apache\ant\ant-launcher\1.8.4\ant-launcher-1.8.4.jar;D:\5_MavenRepository\org\apache\maven\maven-compat\3.3.9\maven-compat-3.3.9.jar;D:\5_MavenRepository\org\apache\maven\maven-aether-provider\3.3.9\maven-aether-provider-3.3.9.jar;D:\5_MavenRepository\org\apache\maven\wagon\wagon-provider-api\3.0.0\wagon-provider-api-3.0.0.jar;D:\5_MavenRepository\org\eclipse\aether\aether-api\1.1.0\aether-api-1.1.0.jar;D:\5_MavenRepository\org\eclipse\aether\aether-impl\1.1.0\aether-impl-1.1.0.jar;D:\5_MavenRepository\org\eclipse\aether\aether-connector-basic\1.1.0\aether-connector-basic-1.1.0.jar;D:\5_MavenRepository\org\eclipse\aether\aether-transport-wagon\1.1.0\aether-transport-wagon-1.1.0.jar;D:\5_MavenRepository\org\apache\maven\wagon\wagon-http\3.0.0\wagon-http-3.0.0.jar;D:\5_MavenRepository\org\apache\maven\wagon\wagon-http-shared\3.0.0\wagon-http-shared-3.0.0.jar;D:\5_MavenRepository\org\jsoup\jsoup\1.7.2\jsoup-1.7.2.jar;D:\5_MavenRepository\org\jbpm\jbpm-bpmn2\7.27.0.Final\jbpm-bpmn2-7.27.0.Final.jar;D:\5_MavenRepository\org\jbpm\jbpm-flow-builder\7.27.0.Final\jbpm-flow-builder-7.27.0.Final.jar;D:\5_MavenRepository\org\jboss\spec\javax\security\jacc\jboss-jacc-api_1.5_spec\1.0.2.Final\jboss-jacc-api_1.5_spec-1.0.2.Final.jar;D:\5_MavenRepository\org\jboss\spec\javax\servlet\jboss-servlet-api_3.1_spec\1.0.0.Final\jboss-servlet-api_3.1_spec-1.0.0.Final.jar;D:\5_MavenRepository\org\apache\httpcomponents\httpclient\4.5.9\httpclient-4.5.9.jar;D:\5_MavenRepository\org\apache\httpcomponents\httpcore\4.4.12\httpcore-4.4.12.jar;D:\5_MavenRepository\org\kie\server\kie-server-rest-common\7.27.0.Final\kie-server-rest-common-7.27.0.Final.jar;D:\5_MavenRepository\io\swagger\swagger-annotations\1.5.20\swagger-annotations-1.5.20.jar;D:\5_MavenRepository\io\prometheus\simpleclient\0.5.0\simpleclient-0.5.0.jar;D:\5_MavenRepository\io\prometheus\simpleclient_common\0.5.0\simpleclient_common-0.5.0.jar;D:\5_MavenRepository\io\prometheus\simpleclient_httpserver\0.5.0\simpleclient_httpserver-0.5.0.jar;D:\5_MavenRepository\org\kie\kie-server-spring-boot-autoconfiguration-drools\7.27.0.Final\kie-server-spring-boot-autoconfiguration-drools-7.27.0.Final.jar;D:\5_MavenRepository\org\kie\server\kie-server-services-drools\7.27.0.Final\kie-server-services-drools-7.27.0.Final.jar;D:\5_MavenRepository\org\kie\soup\kie-soup-project-datamodel-api\7.27.0.Final\kie-soup-project-datamodel-api-7.27.0.Final.jar;D:\5_MavenRepository\org\drools\drools-workbench-models-commons\7.27.0.Final\drools-workbench-models-commons-7.27.0.Final.jar;D:\5_MavenRepository\org\drools\drools-workbench-models-datamodel-api\7.27.0.Final\drools-workbench-models-datamodel-api-7.27.0.Final.jar;D:\5_MavenRepository\org\drools\drools-workbench-models-guided-dtable\7.27.0.Final\drools-workbench-models-guided-dtable-7.27.0.Final.jar;D:\5_MavenRepository\org\uberfire\uberfire-commons\2.24.0.Final\uberfire-commons-2.24.0.Final.jar;D:\5_MavenRepository\org\jboss\spec\javax\jms\jboss-jms-api_2.0_spec\1.0.2.Final\jboss-jms-api_2.0_spec-1.0.2.Final.jar;D:\5_MavenRepository\org\drools\drools-workbench-models-guided-dtree\7.27.0.Final\drools-workbench-models-guided-dtree-7.27.0.Final.jar;D:\5_MavenRepository\org\drools\drools-workbench-models-guided-scorecard\7.27.0.Final\drools-workbench-models-guided-scorecard-7.27.0.Final.jar;D:\5_MavenRepository\org\drools\drools-scorecards\7.27.0.Final\drools-scorecards-7.27.0.Final.jar;D:\5_MavenRepository\org\drools\drools-workbench-models-guided-template\7.27.0.Final\drools-workbench-models-guided-template-7.27.0.Final.jar;D:\5_MavenRepository\org\drools\drools-workbench-models-test-scenarios\7.27.0.Final\drools-workbench-models-test-scenarios-7.27.0.Final.jar;D:\5_MavenRepository\org\kie\server\kie-server-rest-drools\7.27.0.Final\kie-server-rest-drools-7.27.0.Final.jar;D:\5_MavenRepository\org\kie\server\kie-server-services-dmn\7.27.0.Final\kie-server-services-dmn-7.27.0.Final.jar;D:\5_MavenRepository\org\kie\kie-dmn-model\7.27.0.Final\kie-dmn-model-7.27.0.Final.jar;D:\5_MavenRepository\org\kie\kie-dmn-backend\7.27.0.Final\kie-dmn-backend-7.27.0.Final.jar;D:\5_MavenRepository\org\kie\server\kie-server-rest-dmn\7.27.0.Final\kie-server-rest-dmn-7.27.0.Final.jar;D:\5_MavenRepository\org\kie\server\kie-server-services-prometheus\7.27.0.Final\kie-server-services-prometheus-7.27.0.Final.jar;D:\5_MavenRepository\org\jbpm\jbpm-services-api\7.27.0.Final\jbpm-services-api-7.27.0.Final.jar;D:\5_MavenRepository\org\jbpm\jbpm-runtime-manager\7.27.0.Final\jbpm-runtime-manager-7.27.0.Final.jar;D:\5_MavenRepository\org\drools\drools-persistence-api\7.27.0.Final\drools-persistence-api-7.27.0.Final.jar;D:\5_MavenRepository\org\drools\drools-persistence-jpa\7.27.0.Final\drools-persistence-jpa-7.27.0.Final.jar;D:\5_MavenRepository\org\jbpm\jbpm-persistence-jpa\7.27.0.Final\jbpm-persistence-jpa-7.27.0.Final.jar;D:\5_MavenRepository\org\jbpm\jbpm-audit\7.27.0.Final\jbpm-audit-7.27.0.Final.jar;D:\5_MavenRepository\org\jbpm\jbpm-human-task-workitems\7.27.0.Final\jbpm-human-task-workitems-7.27.0.Final.jar;D:\5_MavenRepository\org\jbpm\jbpm-human-task-audit\7.27.0.Final\jbpm-human-task-audit-7.27.0.Final.jar;D:\5_MavenRepository\org\jbpm\jbpm-human-task-jpa\7.27.0.Final\jbpm-human-task-jpa-7.27.0.Final.jar;D:\5_MavenRepository\org\jbpm\jbpm-human-task-core\7.27.0.Final\jbpm-human-task-core-7.27.0.Final.jar;D:\5_MavenRepository\org\jbpm\jbpm-query-jpa\7.27.0.Final\jbpm-query-jpa-7.27.0.Final.jar;D:\5_MavenRepository\org\jbpm\jbpm-persistence-api\7.27.0.Final\jbpm-persistence-api-7.27.0.Final.jar;D:\5_MavenRepository\org\jboss\spec\javax\annotation\jboss-annotations-api_1.2_spec\1.0.0.Final\jboss-annotations-api_1.2_spec-1.0.0.Final.jar;D:\5_MavenRepository\javax\persistence\javax.persistence-api\2.2\javax.persistence-api-2.2.jar;D:\5_MavenRepository\javax\mail\mail\1.4.5\mail-1.4.5.jar;D:\5_MavenRepository\org\javassist\javassist\3.22.0-GA\javassist-3.22.0-GA.jar;D:\5_MavenRepository\org\jbpm\jbpm-executor\7.27.0.Final\jbpm-executor-7.27.0.Final.jar;D:\5_MavenRepository\commons-collections\commons-collections\3.2.2\commons-collections-3.2.2.jar;D:\5_MavenRepository\org\kie\server\kie-server-services-jbpm\7.27.0.Final\kie-server-services-jbpm-7.27.0.Final.jar;D:\5_MavenRepository\org\jbpm\jbpm-shared-services\7.27.0.Final\jbpm-shared-services-7.27.0.Final.jar;D:\5_MavenRepository\org\jbpm\jbpm-workitems-core\7.27.0.Final\jbpm-workitems-core-7.27.0.Final.jar;D:\5_MavenRepository\org\apache\commons\commons-exec\1.3\commons-exec-1.3.jar;D:\5_MavenRepository\org\antlr\ST4\4.0.7\ST4-4.0.7.jar;D:\5_MavenRepository\org\jbpm\jbpm-workitems-bpmn2\7.27.0.Final\jbpm-workitems-bpmn2-7.27.0.Final.jar;D:\5_MavenRepository\org\apache\cxf\cxf-rt-frontend-jaxws\3.2.8\cxf-rt-frontend-jaxws-3.2.8.jar;D:\5_MavenRepository\xml-resolver\xml-resolver\1.2\xml-resolver-1.2.jar;D:\5_MavenRepository\org\apache\cxf\cxf-rt-bindings-soap\3.2.8\cxf-rt-bindings-soap-3.2.8.jar;D:\5_MavenRepository\org\apache\cxf\cxf-rt-bindings-xml\3.2.8\cxf-rt-bindings-xml-3.2.8.jar;D:\5_MavenRepository\org\apache\cxf\cxf-rt-ws-addr\3.2.8\cxf-rt-ws-addr-3.2.8.jar;D:\5_MavenRepository\org\apache\cxf\cxf-rt-ws-policy\3.2.8\cxf-rt-ws-policy-3.2.8.jar;D:\5_MavenRepository\org\jboss\spec\javax\xml\ws\jboss-jaxws-api_2.3_spec\1.0.0.Final\jboss-jaxws-api_2.3_spec-1.0.0.Final.jar;D:\5_MavenRepository\org\apache\cxf\cxf-rt-databinding-jaxb\3.2.8\cxf-rt-databinding-jaxb-3.2.8.jar;D:\5_MavenRepository\org\apache\cxf\cxf-rt-wsdl\3.2.8\cxf-rt-wsdl-3.2.8.jar;D:\5_MavenRepository\org\apache\cxf\cxf-rt-frontend-simple\3.2.8\cxf-rt-frontend-simple-3.2.8.jar;D:\5_MavenRepository\wsdl4j\wsdl4j\1.6.3\wsdl4j-1.6.3.jar;D:\5_MavenRepository\org\apache\neethi\neethi\3.1.1\neethi-3.1.1.jar;D:\5_MavenRepository\org\jbpm\jbpm-workitems-email\7.27.0.Final\jbpm-workitems-email-7.27.0.Final.jar;D:\5_MavenRepository\org\jbpm\jbpm-workitems-jms\7.27.0.Final\jbpm-workitems-jms-7.27.0.Final.jar;D:\5_MavenRepository\org\jbpm\jbpm-workitems-rest\7.27.0.Final\jbpm-workitems-rest-7.27.0.Final.jar;D:\5_MavenRepository\org\jbpm\jbpm-workitems-webservice\7.27.0.Final\jbpm-workitems-webservice-7.27.0.Final.jar;D:\5_MavenRepository\org\jbpm\jbpm-document\7.27.0.Final\jbpm-document-7.27.0.Final.jar;D:\5_MavenRepository\com\thoughtworks\xstream\xstream-hibernate\1.4.11.1\xstream-hibernate-1.4.11.1.jar;D:\5_MavenRepository\org\hibernate\hibernate-core\5.3.11.Final\hibernate-core-5.3.11.Final.jar;D:\5_MavenRepository\antlr\antlr\2.7.7\antlr-2.7.7.jar;D:\5_MavenRepository\org\jboss\jandex\2.0.5.Final\jandex-2.0.5.Final.jar;D:\5_MavenRepository\org\dom4j\dom4j\2.1.1\dom4j-2.1.1.jar;D:\5_MavenRepository\org\hibernate\common\hibernate-commons-annotations\5.0.4.Final\hibernate-commons-annotations-5.0.4.Final.jar;D:\5_MavenRepository\org\kie\server\kie-server-services-case-mgmt\7.27.0.Final\kie-server-services-case-mgmt-7.27.0.Final.jar;D:\5_MavenRepository\org\jbpm\jbpm-case-mgmt-impl\7.27.0.Final\jbpm-case-mgmt-impl-7.27.0.Final.jar;D:\5_MavenRepository\org\jbpm\jbpm-case-mgmt-cmmn\7.27.0.Final\jbpm-case-mgmt-cmmn-7.27.0.Final.jar;D:\5_MavenRepository\org\kie\soup\kie-soup-dataset-api\7.27.0.Final\kie-soup-dataset-api-7.27.0.Final.jar;D:\5_MavenRepository\org\kie\soup\kie-soup-json\7.27.0.Final\kie-soup-json-7.27.0.Final.jar;D:\5_MavenRepository\org\jbpm\jbpm-kie-services\7.27.0.Final\jbpm-kie-services-7.27.0.Final.jar;D:\5_MavenRepository\org\jboss\spec\javax\transaction\jboss-transaction-api_1.2_spec\1.1.1.Final\jboss-transaction-api_1.2_spec-1.1.1.Final.jar;D:\5_MavenRepository\org\kie\soup\kie-soup-dataset-core\7.27.0.Final\kie-soup-dataset-core-7.27.0.Final.jar;D:\5_MavenRepository\org\kie\soup\kie-soup-dataset-shared\7.27.0.Final\kie-soup-dataset-shared-7.27.0.Final.jar;D:\5_MavenRepository\org\kie\soup\kie-soup-dataset-sql\7.27.0.Final\kie-soup-dataset-sql-7.27.0.Final.jar;D:\5_MavenRepository\org\freemarker\freemarker\2.3.29\freemarker-2.3.29.jar;D:\5_MavenRepository\org\kie\server\kie-server-rest-prometheus\7.27.0.Final\kie-server-rest-prometheus-7.27.0.Final.jar;D:\5_MavenRepository\org\jbpm\jbpm-case-mgmt-api\7.27.0.Final\jbpm-case-mgmt-api-7.27.0.Final.jar;D:\5_MavenRepository\org\kie\kie-spring\7.22.0.Final\kie-spring-7.22.0.Final.jar;D:\5_MavenRepository\org\jbpm\jbpm-flow\7.22.0.Final\jbpm-flow-7.22.0.Final.jar;D:\5_MavenRepository\org\kie\soup\kie-soup-commons\7.22.0.Final\kie-soup-commons-7.22.0.Final.jar;D:\5_MavenRepository\org\kie\soup\kie-soup-project-datamodel-commons\7.22.0.Final\kie-soup-project-datamodel-commons-7.22.0.Final.jar;D:\5_MavenRepository\org\kie\kie-dmn-api\7.22.0.Final\kie-dmn-api-7.22.0.Final.jar;D:\5_MavenRepository\org\kie\kie-dmn-feel\7.22.0.Final\kie-dmn-feel-7.22.0.Final.jar;D:\5_MavenRepository\org\antlr\antlr4-runtime\4.7.2\antlr4-runtime-4.7.2.jar;D:\5_MavenRepository\com\github\javaparser\javaparser-core\3.10.2\javaparser-core-3.10.2.jar;D:\5_MavenRepository\org\drools\drools-constraint-parser\7.22.0.Final\drools-constraint-parser-7.22.0.Final.jar;D:\5_MavenRepository\ch\obermuhlner\big-math\2.0.1\big-math-2.0.1.jar;D:\5_MavenRepository\org\kie\kie-dmn-core\7.22.0.Final\kie-dmn-core-7.22.0.Final.jar;D:\5_MavenRepository\org\drools\drools-canonical-model\7.22.0.Final\drools-canonical-model-7.22.0.Final.jar;D:\5_MavenRepository\org\drools\drools-model-compiler\7.22.0.Final\drools-model-compiler-7.22.0.Final.jar;D:\5_MavenRepository\com\google\protobuf\protobuf-java\3.6.1\protobuf-java-3.6.1.jar;D:\5_MavenRepository\org\mvel\mvel2\2.4.4.Final\mvel2-2.4.4.Final.jar;D:\5_MavenRepository\org\kie\kie-api\7.22.0.Final\kie-api-7.22.0.Final.jar;D:\5_MavenRepository\org\kie\soup\kie-soup-maven-support\7.22.0.Final\kie-soup-maven-support-7.22.0.Final.jar;D:\5_MavenRepository\org\kie\kie-internal\7.22.0.Final\kie-internal-7.22.0.Final.jar;D:\5_MavenRepository\org\drools\drools-core\7.22.0.Final\drools-core-7.22.0.Final.jar;D:\5_MavenRepository\commons-codec\commons-codec\1.11\commons-codec-1.11.jar;D:\5_MavenRepository\org\drools\drools-compiler\7.22.0.Final\drools-compiler-7.22.0.Final.jar;D:\5_MavenRepository\org\antlr\antlr-runtime\3.5.2\antlr-runtime-3.5.2.jar;D:\5_MavenRepository\org\eclipse\jdt\core\compiler\ecj\4.6.1\ecj-4.6.1.jar;D:\5_MavenRepository\org\drools\drools-decisiontables\7.22.0.Final\drools-decisiontables-7.22.0.Final.jar;D:\5_MavenRepository\org\drools\drools-templates\7.22.0.Final\drools-templates-7.22.0.Final.jar;D:\5_MavenRepository\org\apache\poi\poi-ooxml\3.17\poi-ooxml-3.17.jar;D:\5_MavenRepository\org\apache\poi\poi-ooxml-schemas\3.17\poi-ooxml-schemas-3.17.jar;D:\5_MavenRepository\org\apache\xmlbeans\xmlbeans\2.6.0\xmlbeans-2.6.0.jar;D:\5_MavenRepository\com\github\virtuald\curvesapi\1.04\curvesapi-1.04.jar;D:\5_MavenRepository\org\apache\poi\poi\3.17\poi-3.17.jar;D:\5_MavenRepository\org\apache\commons\commons-collections4\4.1\commons-collections4-4.1.jar;D:\5_MavenRepository\com\thoughtworks\xstream\xstream\1.4.10\xstream-1.4.10.jar;D:\5_MavenRepository\xmlpull\xmlpull\1.1.3.1\xmlpull-1.1.3.1.jar;D:\5_MavenRepository\xpp3\xpp3_min\1.1.4c\xpp3_min-1.1.4c.jar;D:\5_MavenRepository\org\slf4j\slf4j-api\1.7.28\slf4j-api-1.7.28.jar;D:\5_MavenRepository\org\projectlombok\lombok\1.18.10\lombok-1.18.10.jar;D:\5_MavenRepository\org\apache\maven\maven-core\3.5.2\maven-core-3.5.2.jar;D:\5_MavenRepository\org\apache\maven\maven-model\3.5.2\maven-model-3.5.2.jar;D:\5_MavenRepository\org\apache\maven\maven-settings\3.5.2\maven-settings-3.5.2.jar;D:\5_MavenRepository\org\apache\maven\maven-settings-builder\3.3.9\maven-settings-builder-3.3.9.jar;D:\5_MavenRepository\org\codehaus\plexus\plexus-interpolation\1.21\plexus-interpolation-1.21.jar;D:\5_MavenRepository\org\sonatype\plexus\plexus-sec-dispatcher\1.3\plexus-sec-dispatcher-1.3.jar;D:\5_MavenRepository\org\sonatype\plexus\plexus-cipher\1.4\plexus-cipher-1.4.jar;D:\5_MavenRepository\org\apache\maven\maven-builder-support\3.5.2\maven-builder-support-3.5.2.jar;D:\5_MavenRepository\org\apache\maven\maven-repository-metadata\3.5.2\maven-repository-metadata-3.5.2.jar;D:\5_MavenRepository\org\apache\maven\maven-artifact\3.5.2\maven-artifact-3.5.2.jar;D:\5_MavenRepository\org\apache\maven\maven-plugin-api\3.5.2\maven-plugin-api-3.5.2.jar;D:\5_MavenRepository\org\apache\maven\maven-model-builder\3.5.2\maven-model-builder-3.5.2.jar;D:\5_MavenRepository\org\apache\maven\maven-resolver-provider\3.5.2\maven-resolver-provider-3.5.2.jar;D:\5_MavenRepository\org\apache\maven\resolver\maven-resolver-impl\1.1.0\maven-resolver-impl-1.1.0.jar;D:\5_MavenRepository\org\apache\maven\resolver\maven-resolver-api\1.1.0\maven-resolver-api-1.1.0.jar;D:\5_MavenRepository\org\apache\maven\resolver\maven-resolver-spi\1.1.0\maven-resolver-spi-1.1.0.jar;D:\5_MavenRepository\org\apache\maven\resolver\maven-resolver-util\1.1.0\maven-resolver-util-1.1.0.jar;D:\5_MavenRepository\org\apache\maven\shared\maven-shared-utils\3.1.0\maven-shared-utils-3.1.0.jar;D:\5_MavenRepository\commons-io\commons-io\2.5\commons-io-2.5.jar;D:\5_MavenRepository\org\eclipse\sisu\org.eclipse.sisu.plexus\0.3.3\org.eclipse.sisu.plexus-0.3.3.jar;D:\5_MavenRepository\javax\enterprise\cdi-api\1.0\cdi-api-1.0.jar;D:\5_MavenRepository\javax\annotation\jsr250-api\1.0\jsr250-api-1.0.jar;D:\5_MavenRepository\org\eclipse\sisu\org.eclipse.sisu.inject\0.3.3\org.eclipse.sisu.inject-0.3.3.jar;D:\5_MavenRepository\com\google\inject\guice\4.0\guice-4.0-no_aop.jar;D:\5_MavenRepository\aopalliance\aopalliance\1.0\aopalliance-1.0.jar;D:\5_MavenRepository\com\google\guava\guava\20.0\guava-20.0.jar;D:\5_MavenRepository\javax\inject\javax.inject\1\javax.inject-1.jar;D:\5_MavenRepository\org\codehaus\plexus\plexus-utils\3.1.0\plexus-utils-3.1.0.jar;D:\5_MavenRepository\org\codehaus\plexus\plexus-classworlds\2.5.2\plexus-classworlds-2.5.2.jar;D:\5_MavenRepository\org\codehaus\plexus\plexus-component-annotations\1.7.1\plexus-component-annotations-1.7.1.jar;D:\5_MavenRepository\org\apache\commons\commons-lang3\3.8.1\commons-lang3-3.8.1.jar;"/>
    <property name="java.vm.vendor" value="Oracle Corporation"/>
    <property name="sun.arch.data.model" value="64"/>
    <property name="user.variant" value=""/>
    <property name="java.vendor.url" value="http://java.oracle.com/"/>
    <property name="user.timezone" value="Asia/Shanghai"/>
    <property name="java.vm.specification.version" value="1.8"/>
    <property name="os.name" value="Windows 7"/>
    <property name="user.country" value="CN"/>
    <property name="sun.java.launcher" value="SUN_STANDARD"/>
    <property name="sun.boot.library.path" value="D:\Java\jdk1.8.0_212\jre\bin"/>
    <property name="sun.java.command" value="C:\Users\ADMINI~1\AppData\Local\Temp\surefire652677589191232325\surefirebooter182536467949155341.jar C:\Users\Administrator\AppData\Local\Temp\surefire652677589191232325 2019-10-10T14-14-14_447-jvmRun1 surefire9008483278300569561tmp surefire_08480474083071709899tmp"/>
    <property name="surefire.test.class.path" value="F:\dev\suncloud\sun-risk-control\target\test-classes;F:\dev\suncloud\sun-risk-control\target\classes;D:\5_MavenRepository\org\springframework\boot\spring-boot-starter-web\2.1.8.RELEASE\spring-boot-starter-web-2.1.8.RELEASE.jar;D:\5_MavenRepository\org\springframework\boot\spring-boot-starter\2.1.8.RELEASE\spring-boot-starter-2.1.8.RELEASE.jar;D:\5_MavenRepository\org\springframework\boot\spring-boot\2.1.8.RELEASE\spring-boot-2.1.8.RELEASE.jar;D:\5_MavenRepository\org\springframework\boot\spring-boot-autoconfigure\2.1.8.RELEASE\spring-boot-autoconfigure-2.1.8.RELEASE.jar;D:\5_MavenRepository\org\springframework\boot\spring-boot-starter-logging\2.1.8.RELEASE\spring-boot-starter-logging-2.1.8.RELEASE.jar;D:\5_MavenRepository\ch\qos\logback\logback-classic\1.2.3\logback-classic-1.2.3.jar;D:\5_MavenRepository\ch\qos\logback\logback-core\1.2.3\logback-core-1.2.3.jar;D:\5_MavenRepository\org\apache\logging\log4j\log4j-to-slf4j\2.11.2\log4j-to-slf4j-2.11.2.jar;D:\5_MavenRepository\org\apache\logging\log4j\log4j-api\2.11.2\log4j-api-2.11.2.jar;D:\5_MavenRepository\org\slf4j\jul-to-slf4j\1.7.28\jul-to-slf4j-1.7.28.jar;D:\5_MavenRepository\javax\annotation\javax.annotation-api\1.3.2\javax.annotation-api-1.3.2.jar;D:\5_MavenRepository\org\yaml\snakeyaml\1.23\snakeyaml-1.23.jar;D:\5_MavenRepository\org\springframework\boot\spring-boot-starter-json\2.1.8.RELEASE\spring-boot-starter-json-2.1.8.RELEASE.jar;D:\5_MavenRepository\com\fasterxml\jackson\core\jackson-databind\2.9.9.3\jackson-databind-2.9.9.3.jar;D:\5_MavenRepository\com\fasterxml\jackson\core\jackson-annotations\2.9.0\jackson-annotations-2.9.0.jar;D:\5_MavenRepository\com\fasterxml\jackson\core\jackson-core\2.9.9\jackson-core-2.9.9.jar;D:\5_MavenRepository\com\fasterxml\jackson\datatype\jackson-datatype-jdk8\2.9.9\jackson-datatype-jdk8-2.9.9.jar;D:\5_MavenRepository\com\fasterxml\jackson\datatype\jackson-datatype-jsr310\2.9.9\jackson-datatype-jsr310-2.9.9.jar;D:\5_MavenRepository\com\fasterxml\jackson\module\jackson-module-parameter-names\2.9.9\jackson-module-parameter-names-2.9.9.jar;D:\5_MavenRepository\org\springframework\boot\spring-boot-starter-tomcat\2.1.8.RELEASE\spring-boot-starter-tomcat-2.1.8.RELEASE.jar;D:\5_MavenRepository\org\apache\tomcat\embed\tomcat-embed-core\9.0.24\tomcat-embed-core-9.0.24.jar;D:\5_MavenRepository\org\apache\tomcat\embed\tomcat-embed-el\9.0.24\tomcat-embed-el-9.0.24.jar;D:\5_MavenRepository\org\apache\tomcat\embed\tomcat-embed-websocket\9.0.24\tomcat-embed-websocket-9.0.24.jar;D:\5_MavenRepository\org\hibernate\validator\hibernate-validator\6.0.17.Final\hibernate-validator-6.0.17.Final.jar;D:\5_MavenRepository\javax\validation\validation-api\2.0.1.Final\validation-api-2.0.1.Final.jar;D:\5_MavenRepository\org\jboss\logging\jboss-logging\3.3.3.Final\jboss-logging-3.3.3.Final.jar;D:\5_MavenRepository\com\fasterxml\classmate\1.4.0\classmate-1.4.0.jar;D:\5_MavenRepository\org\springframework\spring-web\5.1.9.RELEASE\spring-web-5.1.9.RELEASE.jar;D:\5_MavenRepository\org\springframework\spring-beans\5.1.9.RELEASE\spring-beans-5.1.9.RELEASE.jar;D:\5_MavenRepository\org\springframework\spring-webmvc\5.1.9.RELEASE\spring-webmvc-5.1.9.RELEASE.jar;D:\5_MavenRepository\org\springframework\spring-aop\5.1.9.RELEASE\spring-aop-5.1.9.RELEASE.jar;D:\5_MavenRepository\org\springframework\spring-context\5.1.9.RELEASE\spring-context-5.1.9.RELEASE.jar;D:\5_MavenRepository\org\springframework\spring-expression\5.1.9.RELEASE\spring-expression-5.1.9.RELEASE.jar;D:\5_MavenRepository\org\springframework\boot\spring-boot-starter-test\2.1.8.RELEASE\spring-boot-starter-test-2.1.8.RELEASE.jar;D:\5_MavenRepository\org\springframework\boot\spring-boot-test\2.1.8.RELEASE\spring-boot-test-2.1.8.RELEASE.jar;D:\5_MavenRepository\org\springframework\boot\spring-boot-test-autoconfigure\2.1.8.RELEASE\spring-boot-test-autoconfigure-2.1.8.RELEASE.jar;D:\5_MavenRepository\com\jayway\jsonpath\json-path\2.4.0\json-path-2.4.0.jar;D:\5_MavenRepository\net\minidev\json-smart\2.3\json-smart-2.3.jar;D:\5_MavenRepository\net\minidev\accessors-smart\1.2\accessors-smart-1.2.jar;D:\5_MavenRepository\org\ow2\asm\asm\5.0.4\asm-5.0.4.jar;D:\5_MavenRepository\junit\junit\4.12\junit-4.12.jar;D:\5_MavenRepository\org\assertj\assertj-core\3.11.1\assertj-core-3.11.1.jar;D:\5_MavenRepository\org\mockito\mockito-core\2.23.4\mockito-core-2.23.4.jar;D:\5_MavenRepository\net\bytebuddy\byte-buddy\1.9.16\byte-buddy-1.9.16.jar;D:\5_MavenRepository\net\bytebuddy\byte-buddy-agent\1.9.16\byte-buddy-agent-1.9.16.jar;D:\5_MavenRepository\org\objenesis\objenesis\2.6\objenesis-2.6.jar;D:\5_MavenRepository\org\hamcrest\hamcrest-core\1.3\hamcrest-core-1.3.jar;D:\5_MavenRepository\org\hamcrest\hamcrest-library\1.3\hamcrest-library-1.3.jar;D:\5_MavenRepository\org\skyscreamer\jsonassert\1.5.0\jsonassert-1.5.0.jar;D:\5_MavenRepository\com\vaadin\external\google\android-json\0.0.20131108.vaadin1\android-json-0.0.20131108.vaadin1.jar;D:\5_MavenRepository\org\springframework\spring-core\5.1.9.RELEASE\spring-core-5.1.9.RELEASE.jar;D:\5_MavenRepository\org\springframework\spring-jcl\5.1.9.RELEASE\spring-jcl-5.1.9.RELEASE.jar;D:\5_MavenRepository\org\springframework\spring-test\5.1.9.RELEASE\spring-test-5.1.9.RELEASE.jar;D:\5_MavenRepository\org\xmlunit\xmlunit-core\2.6.3\xmlunit-core-2.6.3.jar;D:\5_MavenRepository\org\kie\kie-server-spring-boot-starter-drools\7.27.0.Final\kie-server-spring-boot-starter-drools-7.27.0.Final.jar;D:\5_MavenRepository\org\apache\cxf\cxf-spring-boot-starter-jaxrs\3.2.6\cxf-spring-boot-starter-jaxrs-3.2.6.jar;D:\5_MavenRepository\org\apache\cxf\cxf-spring-boot-autoconfigure\3.2.6\cxf-spring-boot-autoconfigure-3.2.6.jar;D:\5_MavenRepository\org\apache\cxf\cxf-rt-transports-http\3.2.6\cxf-rt-transports-http-3.2.6.jar;D:\5_MavenRepository\org\apache\cxf\cxf-rt-frontend-jaxrs\3.2.6\cxf-rt-frontend-jaxrs-3.2.6.jar;D:\5_MavenRepository\javax\ws\rs\javax.ws.rs-api\2.1\javax.ws.rs-api-2.1.jar;D:\5_MavenRepository\org\apache\cxf\cxf-rt-rs-client\3.2.6\cxf-rt-rs-client-3.2.6.jar;D:\5_MavenRepository\org\kie\kie-server-spring-boot-autoconfiguration\7.27.0.Final\kie-server-spring-boot-autoconfiguration-7.27.0.Final.jar;D:\5_MavenRepository\org\springframework\boot\spring-boot-starter-security\2.1.8.RELEASE\spring-boot-starter-security-2.1.8.RELEASE.jar;D:\5_MavenRepository\org\springframework\security\spring-security-web\5.1.6.RELEASE\spring-security-web-5.1.6.RELEASE.jar;D:\5_MavenRepository\org\apache\cxf\cxf-core\3.2.6\cxf-core-3.2.6.jar;D:\5_MavenRepository\com\fasterxml\woodstox\woodstox-core\5.0.3\woodstox-core-5.0.3.jar;D:\5_MavenRepository\org\codehaus\woodstox\stax2-api\3.1.4\stax2-api-3.1.4.jar;D:\5_MavenRepository\org\apache\ws\xmlschema\xmlschema-core\2.2.3\xmlschema-core-2.2.3.jar;D:\5_MavenRepository\org\kie\server\kie-server-api\7.27.0.Final\kie-server-api-7.27.0.Final.jar;D:\5_MavenRepository\org\optaplanner\optaplanner-core\7.27.0.Final\optaplanner-core-7.27.0.Final.jar;D:\5_MavenRepository\org\apache\commons\commons-math3\3.4.1\commons-math3-3.4.1.jar;D:\5_MavenRepository\org\reflections\reflections\0.9.11\reflections-0.9.11.jar;D:\5_MavenRepository\org\optaplanner\optaplanner-persistence-xstream\7.27.0.Final\optaplanner-persistence-xstream-7.27.0.Final.jar;D:\5_MavenRepository\org\optaplanner\optaplanner-persistence-common\7.27.0.Final\optaplanner-persistence-common-7.27.0.Final.jar;D:\5_MavenRepository\org\optaplanner\optaplanner-persistence-jaxb\7.27.0.Final\optaplanner-persistence-jaxb-7.27.0.Final.jar;D:\5_MavenRepository\org\jboss\spec\javax\xml\bind\jboss-jaxb-api_2.3_spec\1.0.1.Final\jboss-jaxb-api_2.3_spec-1.0.1.Final.jar;D:\5_MavenRepository\com\sun\xml\bind\jaxb-core\2.3.0\jaxb-core-2.3.0.jar;D:\5_MavenRepository\com\sun\xml\bind\jaxb-impl\2.3.0\jaxb-impl-2.3.0.jar;D:\5_MavenRepository\javax\activation\activation\1.1.1\activation-1.1.1.jar;D:\5_MavenRepository\com\fasterxml\jackson\module\jackson-module-jaxb-annotations\2.9.9\jackson-module-jaxb-annotations-2.9.9.jar;D:\5_MavenRepository\org\drools\kie-pmml\7.27.0.Final\kie-pmml-7.27.0.Final.jar;D:\5_MavenRepository\org\springframework\security\spring-security-config\5.1.6.RELEASE\spring-security-config-5.1.6.RELEASE.jar;D:\5_MavenRepository\org\springframework\security\spring-security-core\5.1.6.RELEASE\spring-security-core-5.1.6.RELEASE.jar;D:\5_MavenRepository\org\kie\server\kie-server-services-common\7.27.0.Final\kie-server-services-common-7.27.0.Final.jar;D:\5_MavenRepository\org\kie\server\kie-server-controller-api\7.27.0.Final\kie-server-controller-api-7.27.0.Final.jar;D:\5_MavenRepository\org\kie\server\kie-server-common\7.27.0.Final\kie-server-common-7.27.0.Final.jar;D:\5_MavenRepository\org\kie\kie-ci\7.27.0.Final\kie-ci-7.27.0.Final.jar;D:\5_MavenRepository\org\kie\soup\kie-soup-maven-integration\7.27.0.Final\kie-soup-maven-integration-7.27.0.Final.jar;D:\5_MavenRepository\org\eclipse\aether\aether-util\1.1.0\aether-util-1.1.0.jar;D:\5_MavenRepository\org\eclipse\aether\aether-spi\1.1.0\aether-spi-1.1.0.jar;D:\5_MavenRepository\org\eclipse\aether\aether-transport-file\1.1.0\aether-transport-file-1.1.0.jar;D:\5_MavenRepository\org\eclipse\aether\aether-transport-http\1.1.0\aether-transport-http-1.1.0.jar;D:\5_MavenRepository\org\apache\ant\ant\1.8.4\ant-1.8.4.jar;D:\5_MavenRepository\org\apache\ant\ant-launcher\1.8.4\ant-launcher-1.8.4.jar;D:\5_MavenRepository\org\apache\maven\maven-compat\3.3.9\maven-compat-3.3.9.jar;D:\5_MavenRepository\org\apache\maven\maven-aether-provider\3.3.9\maven-aether-provider-3.3.9.jar;D:\5_MavenRepository\org\apache\maven\wagon\wagon-provider-api\3.0.0\wagon-provider-api-3.0.0.jar;D:\5_MavenRepository\org\eclipse\aether\aether-api\1.1.0\aether-api-1.1.0.jar;D:\5_MavenRepository\org\eclipse\aether\aether-impl\1.1.0\aether-impl-1.1.0.jar;D:\5_MavenRepository\org\eclipse\aether\aether-connector-basic\1.1.0\aether-connector-basic-1.1.0.jar;D:\5_MavenRepository\org\eclipse\aether\aether-transport-wagon\1.1.0\aether-transport-wagon-1.1.0.jar;D:\5_MavenRepository\org\apache\maven\wagon\wagon-http\3.0.0\wagon-http-3.0.0.jar;D:\5_MavenRepository\org\apache\maven\wagon\wagon-http-shared\3.0.0\wagon-http-shared-3.0.0.jar;D:\5_MavenRepository\org\jsoup\jsoup\1.7.2\jsoup-1.7.2.jar;D:\5_MavenRepository\org\jbpm\jbpm-bpmn2\7.27.0.Final\jbpm-bpmn2-7.27.0.Final.jar;D:\5_MavenRepository\org\jbpm\jbpm-flow-builder\7.27.0.Final\jbpm-flow-builder-7.27.0.Final.jar;D:\5_MavenRepository\org\jboss\spec\javax\security\jacc\jboss-jacc-api_1.5_spec\1.0.2.Final\jboss-jacc-api_1.5_spec-1.0.2.Final.jar;D:\5_MavenRepository\org\jboss\spec\javax\servlet\jboss-servlet-api_3.1_spec\1.0.0.Final\jboss-servlet-api_3.1_spec-1.0.0.Final.jar;D:\5_MavenRepository\org\apache\httpcomponents\httpclient\4.5.9\httpclient-4.5.9.jar;D:\5_MavenRepository\org\apache\httpcomponents\httpcore\4.4.12\httpcore-4.4.12.jar;D:\5_MavenRepository\org\kie\server\kie-server-rest-common\7.27.0.Final\kie-server-rest-common-7.27.0.Final.jar;D:\5_MavenRepository\io\swagger\swagger-annotations\1.5.20\swagger-annotations-1.5.20.jar;D:\5_MavenRepository\io\prometheus\simpleclient\0.5.0\simpleclient-0.5.0.jar;D:\5_MavenRepository\io\prometheus\simpleclient_common\0.5.0\simpleclient_common-0.5.0.jar;D:\5_MavenRepository\io\prometheus\simpleclient_httpserver\0.5.0\simpleclient_httpserver-0.5.0.jar;D:\5_MavenRepository\org\kie\kie-server-spring-boot-autoconfiguration-drools\7.27.0.Final\kie-server-spring-boot-autoconfiguration-drools-7.27.0.Final.jar;D:\5_MavenRepository\org\kie\server\kie-server-services-drools\7.27.0.Final\kie-server-services-drools-7.27.0.Final.jar;D:\5_MavenRepository\org\kie\soup\kie-soup-project-datamodel-api\7.27.0.Final\kie-soup-project-datamodel-api-7.27.0.Final.jar;D:\5_MavenRepository\org\drools\drools-workbench-models-commons\7.27.0.Final\drools-workbench-models-commons-7.27.0.Final.jar;D:\5_MavenRepository\org\drools\drools-workbench-models-datamodel-api\7.27.0.Final\drools-workbench-models-datamodel-api-7.27.0.Final.jar;D:\5_MavenRepository\org\drools\drools-workbench-models-guided-dtable\7.27.0.Final\drools-workbench-models-guided-dtable-7.27.0.Final.jar;D:\5_MavenRepository\org\uberfire\uberfire-commons\2.24.0.Final\uberfire-commons-2.24.0.Final.jar;D:\5_MavenRepository\org\jboss\spec\javax\jms\jboss-jms-api_2.0_spec\1.0.2.Final\jboss-jms-api_2.0_spec-1.0.2.Final.jar;D:\5_MavenRepository\org\drools\drools-workbench-models-guided-dtree\7.27.0.Final\drools-workbench-models-guided-dtree-7.27.0.Final.jar;D:\5_MavenRepository\org\drools\drools-workbench-models-guided-scorecard\7.27.0.Final\drools-workbench-models-guided-scorecard-7.27.0.Final.jar;D:\5_MavenRepository\org\drools\drools-scorecards\7.27.0.Final\drools-scorecards-7.27.0.Final.jar;D:\5_MavenRepository\org\drools\drools-workbench-models-guided-template\7.27.0.Final\drools-workbench-models-guided-template-7.27.0.Final.jar;D:\5_MavenRepository\org\drools\drools-workbench-models-test-scenarios\7.27.0.Final\drools-workbench-models-test-scenarios-7.27.0.Final.jar;D:\5_MavenRepository\org\kie\server\kie-server-rest-drools\7.27.0.Final\kie-server-rest-drools-7.27.0.Final.jar;D:\5_MavenRepository\org\kie\server\kie-server-services-dmn\7.27.0.Final\kie-server-services-dmn-7.27.0.Final.jar;D:\5_MavenRepository\org\kie\kie-dmn-model\7.27.0.Final\kie-dmn-model-7.27.0.Final.jar;D:\5_MavenRepository\org\kie\kie-dmn-backend\7.27.0.Final\kie-dmn-backend-7.27.0.Final.jar;D:\5_MavenRepository\org\kie\server\kie-server-rest-dmn\7.27.0.Final\kie-server-rest-dmn-7.27.0.Final.jar;D:\5_MavenRepository\org\kie\server\kie-server-services-prometheus\7.27.0.Final\kie-server-services-prometheus-7.27.0.Final.jar;D:\5_MavenRepository\org\jbpm\jbpm-services-api\7.27.0.Final\jbpm-services-api-7.27.0.Final.jar;D:\5_MavenRepository\org\jbpm\jbpm-runtime-manager\7.27.0.Final\jbpm-runtime-manager-7.27.0.Final.jar;D:\5_MavenRepository\org\drools\drools-persistence-api\7.27.0.Final\drools-persistence-api-7.27.0.Final.jar;D:\5_MavenRepository\org\drools\drools-persistence-jpa\7.27.0.Final\drools-persistence-jpa-7.27.0.Final.jar;D:\5_MavenRepository\org\jbpm\jbpm-persistence-jpa\7.27.0.Final\jbpm-persistence-jpa-7.27.0.Final.jar;D:\5_MavenRepository\org\jbpm\jbpm-audit\7.27.0.Final\jbpm-audit-7.27.0.Final.jar;D:\5_MavenRepository\org\jbpm\jbpm-human-task-workitems\7.27.0.Final\jbpm-human-task-workitems-7.27.0.Final.jar;D:\5_MavenRepository\org\jbpm\jbpm-human-task-audit\7.27.0.Final\jbpm-human-task-audit-7.27.0.Final.jar;D:\5_MavenRepository\org\jbpm\jbpm-human-task-jpa\7.27.0.Final\jbpm-human-task-jpa-7.27.0.Final.jar;D:\5_MavenRepository\org\jbpm\jbpm-human-task-core\7.27.0.Final\jbpm-human-task-core-7.27.0.Final.jar;D:\5_MavenRepository\org\jbpm\jbpm-query-jpa\7.27.0.Final\jbpm-query-jpa-7.27.0.Final.jar;D:\5_MavenRepository\org\jbpm\jbpm-persistence-api\7.27.0.Final\jbpm-persistence-api-7.27.0.Final.jar;D:\5_MavenRepository\org\jboss\spec\javax\annotation\jboss-annotations-api_1.2_spec\1.0.0.Final\jboss-annotations-api_1.2_spec-1.0.0.Final.jar;D:\5_MavenRepository\javax\persistence\javax.persistence-api\2.2\javax.persistence-api-2.2.jar;D:\5_MavenRepository\javax\mail\mail\1.4.5\mail-1.4.5.jar;D:\5_MavenRepository\org\javassist\javassist\3.22.0-GA\javassist-3.22.0-GA.jar;D:\5_MavenRepository\org\jbpm\jbpm-executor\7.27.0.Final\jbpm-executor-7.27.0.Final.jar;D:\5_MavenRepository\commons-collections\commons-collections\3.2.2\commons-collections-3.2.2.jar;D:\5_MavenRepository\org\kie\server\kie-server-services-jbpm\7.27.0.Final\kie-server-services-jbpm-7.27.0.Final.jar;D:\5_MavenRepository\org\jbpm\jbpm-shared-services\7.27.0.Final\jbpm-shared-services-7.27.0.Final.jar;D:\5_MavenRepository\org\jbpm\jbpm-workitems-core\7.27.0.Final\jbpm-workitems-core-7.27.0.Final.jar;D:\5_MavenRepository\org\apache\commons\commons-exec\1.3\commons-exec-1.3.jar;D:\5_MavenRepository\org\antlr\ST4\4.0.7\ST4-4.0.7.jar;D:\5_MavenRepository\org\jbpm\jbpm-workitems-bpmn2\7.27.0.Final\jbpm-workitems-bpmn2-7.27.0.Final.jar;D:\5_MavenRepository\org\apache\cxf\cxf-rt-frontend-jaxws\3.2.8\cxf-rt-frontend-jaxws-3.2.8.jar;D:\5_MavenRepository\xml-resolver\xml-resolver\1.2\xml-resolver-1.2.jar;D:\5_MavenRepository\org\apache\cxf\cxf-rt-bindings-soap\3.2.8\cxf-rt-bindings-soap-3.2.8.jar;D:\5_MavenRepository\org\apache\cxf\cxf-rt-bindings-xml\3.2.8\cxf-rt-bindings-xml-3.2.8.jar;D:\5_MavenRepository\org\apache\cxf\cxf-rt-ws-addr\3.2.8\cxf-rt-ws-addr-3.2.8.jar;D:\5_MavenRepository\org\apache\cxf\cxf-rt-ws-policy\3.2.8\cxf-rt-ws-policy-3.2.8.jar;D:\5_MavenRepository\org\jboss\spec\javax\xml\ws\jboss-jaxws-api_2.3_spec\1.0.0.Final\jboss-jaxws-api_2.3_spec-1.0.0.Final.jar;D:\5_MavenRepository\org\apache\cxf\cxf-rt-databinding-jaxb\3.2.8\cxf-rt-databinding-jaxb-3.2.8.jar;D:\5_MavenRepository\org\apache\cxf\cxf-rt-wsdl\3.2.8\cxf-rt-wsdl-3.2.8.jar;D:\5_MavenRepository\org\apache\cxf\cxf-rt-frontend-simple\3.2.8\cxf-rt-frontend-simple-3.2.8.jar;D:\5_MavenRepository\wsdl4j\wsdl4j\1.6.3\wsdl4j-1.6.3.jar;D:\5_MavenRepository\org\apache\neethi\neethi\3.1.1\neethi-3.1.1.jar;D:\5_MavenRepository\org\jbpm\jbpm-workitems-email\7.27.0.Final\jbpm-workitems-email-7.27.0.Final.jar;D:\5_MavenRepository\org\jbpm\jbpm-workitems-jms\7.27.0.Final\jbpm-workitems-jms-7.27.0.Final.jar;D:\5_MavenRepository\org\jbpm\jbpm-workitems-rest\7.27.0.Final\jbpm-workitems-rest-7.27.0.Final.jar;D:\5_MavenRepository\org\jbpm\jbpm-workitems-webservice\7.27.0.Final\jbpm-workitems-webservice-7.27.0.Final.jar;D:\5_MavenRepository\org\jbpm\jbpm-document\7.27.0.Final\jbpm-document-7.27.0.Final.jar;D:\5_MavenRepository\com\thoughtworks\xstream\xstream-hibernate\1.4.11.1\xstream-hibernate-1.4.11.1.jar;D:\5_MavenRepository\org\hibernate\hibernate-core\5.3.11.Final\hibernate-core-5.3.11.Final.jar;D:\5_MavenRepository\antlr\antlr\2.7.7\antlr-2.7.7.jar;D:\5_MavenRepository\org\jboss\jandex\2.0.5.Final\jandex-2.0.5.Final.jar;D:\5_MavenRepository\org\dom4j\dom4j\2.1.1\dom4j-2.1.1.jar;D:\5_MavenRepository\org\hibernate\common\hibernate-commons-annotations\5.0.4.Final\hibernate-commons-annotations-5.0.4.Final.jar;D:\5_MavenRepository\org\kie\server\kie-server-services-case-mgmt\7.27.0.Final\kie-server-services-case-mgmt-7.27.0.Final.jar;D:\5_MavenRepository\org\jbpm\jbpm-case-mgmt-impl\7.27.0.Final\jbpm-case-mgmt-impl-7.27.0.Final.jar;D:\5_MavenRepository\org\jbpm\jbpm-case-mgmt-cmmn\7.27.0.Final\jbpm-case-mgmt-cmmn-7.27.0.Final.jar;D:\5_MavenRepository\org\kie\soup\kie-soup-dataset-api\7.27.0.Final\kie-soup-dataset-api-7.27.0.Final.jar;D:\5_MavenRepository\org\kie\soup\kie-soup-json\7.27.0.Final\kie-soup-json-7.27.0.Final.jar;D:\5_MavenRepository\org\jbpm\jbpm-kie-services\7.27.0.Final\jbpm-kie-services-7.27.0.Final.jar;D:\5_MavenRepository\org\jboss\spec\javax\transaction\jboss-transaction-api_1.2_spec\1.1.1.Final\jboss-transaction-api_1.2_spec-1.1.1.Final.jar;D:\5_MavenRepository\org\kie\soup\kie-soup-dataset-core\7.27.0.Final\kie-soup-dataset-core-7.27.0.Final.jar;D:\5_MavenRepository\org\kie\soup\kie-soup-dataset-shared\7.27.0.Final\kie-soup-dataset-shared-7.27.0.Final.jar;D:\5_MavenRepository\org\kie\soup\kie-soup-dataset-sql\7.27.0.Final\kie-soup-dataset-sql-7.27.0.Final.jar;D:\5_MavenRepository\org\freemarker\freemarker\2.3.29\freemarker-2.3.29.jar;D:\5_MavenRepository\org\kie\server\kie-server-rest-prometheus\7.27.0.Final\kie-server-rest-prometheus-7.27.0.Final.jar;D:\5_MavenRepository\org\jbpm\jbpm-case-mgmt-api\7.27.0.Final\jbpm-case-mgmt-api-7.27.0.Final.jar;D:\5_MavenRepository\org\kie\kie-spring\7.22.0.Final\kie-spring-7.22.0.Final.jar;D:\5_MavenRepository\org\jbpm\jbpm-flow\7.22.0.Final\jbpm-flow-7.22.0.Final.jar;D:\5_MavenRepository\org\kie\soup\kie-soup-commons\7.22.0.Final\kie-soup-commons-7.22.0.Final.jar;D:\5_MavenRepository\org\kie\soup\kie-soup-project-datamodel-commons\7.22.0.Final\kie-soup-project-datamodel-commons-7.22.0.Final.jar;D:\5_MavenRepository\org\kie\kie-dmn-api\7.22.0.Final\kie-dmn-api-7.22.0.Final.jar;D:\5_MavenRepository\org\kie\kie-dmn-feel\7.22.0.Final\kie-dmn-feel-7.22.0.Final.jar;D:\5_MavenRepository\org\antlr\antlr4-runtime\4.7.2\antlr4-runtime-4.7.2.jar;D:\5_MavenRepository\com\github\javaparser\javaparser-core\3.10.2\javaparser-core-3.10.2.jar;D:\5_MavenRepository\org\drools\drools-constraint-parser\7.22.0.Final\drools-constraint-parser-7.22.0.Final.jar;D:\5_MavenRepository\ch\obermuhlner\big-math\2.0.1\big-math-2.0.1.jar;D:\5_MavenRepository\org\kie\kie-dmn-core\7.22.0.Final\kie-dmn-core-7.22.0.Final.jar;D:\5_MavenRepository\org\drools\drools-canonical-model\7.22.0.Final\drools-canonical-model-7.22.0.Final.jar;D:\5_MavenRepository\org\drools\drools-model-compiler\7.22.0.Final\drools-model-compiler-7.22.0.Final.jar;D:\5_MavenRepository\com\google\protobuf\protobuf-java\3.6.1\protobuf-java-3.6.1.jar;D:\5_MavenRepository\org\mvel\mvel2\2.4.4.Final\mvel2-2.4.4.Final.jar;D:\5_MavenRepository\org\kie\kie-api\7.22.0.Final\kie-api-7.22.0.Final.jar;D:\5_MavenRepository\org\kie\soup\kie-soup-maven-support\7.22.0.Final\kie-soup-maven-support-7.22.0.Final.jar;D:\5_MavenRepository\org\kie\kie-internal\7.22.0.Final\kie-internal-7.22.0.Final.jar;D:\5_MavenRepository\org\drools\drools-core\7.22.0.Final\drools-core-7.22.0.Final.jar;D:\5_MavenRepository\commons-codec\commons-codec\1.11\commons-codec-1.11.jar;D:\5_MavenRepository\org\drools\drools-compiler\7.22.0.Final\drools-compiler-7.22.0.Final.jar;D:\5_MavenRepository\org\antlr\antlr-runtime\3.5.2\antlr-runtime-3.5.2.jar;D:\5_MavenRepository\org\eclipse\jdt\core\compiler\ecj\4.6.1\ecj-4.6.1.jar;D:\5_MavenRepository\org\drools\drools-decisiontables\7.22.0.Final\drools-decisiontables-7.22.0.Final.jar;D:\5_MavenRepository\org\drools\drools-templates\7.22.0.Final\drools-templates-7.22.0.Final.jar;D:\5_MavenRepository\org\apache\poi\poi-ooxml\3.17\poi-ooxml-3.17.jar;D:\5_MavenRepository\org\apache\poi\poi-ooxml-schemas\3.17\poi-ooxml-schemas-3.17.jar;D:\5_MavenRepository\org\apache\xmlbeans\xmlbeans\2.6.0\xmlbeans-2.6.0.jar;D:\5_MavenRepository\com\github\virtuald\curvesapi\1.04\curvesapi-1.04.jar;D:\5_MavenRepository\org\apache\poi\poi\3.17\poi-3.17.jar;D:\5_MavenRepository\org\apache\commons\commons-collections4\4.1\commons-collections4-4.1.jar;D:\5_MavenRepository\com\thoughtworks\xstream\xstream\1.4.10\xstream-1.4.10.jar;D:\5_MavenRepository\xmlpull\xmlpull\1.1.3.1\xmlpull-1.1.3.1.jar;D:\5_MavenRepository\xpp3\xpp3_min\1.1.4c\xpp3_min-1.1.4c.jar;D:\5_MavenRepository\org\slf4j\slf4j-api\1.7.28\slf4j-api-1.7.28.jar;D:\5_MavenRepository\org\projectlombok\lombok\1.18.10\lombok-1.18.10.jar;D:\5_MavenRepository\org\apache\maven\maven-core\3.5.2\maven-core-3.5.2.jar;D:\5_MavenRepository\org\apache\maven\maven-model\3.5.2\maven-model-3.5.2.jar;D:\5_MavenRepository\org\apache\maven\maven-settings\3.5.2\maven-settings-3.5.2.jar;D:\5_MavenRepository\org\apache\maven\maven-settings-builder\3.3.9\maven-settings-builder-3.3.9.jar;D:\5_MavenRepository\org\codehaus\plexus\plexus-interpolation\1.21\plexus-interpolation-1.21.jar;D:\5_MavenRepository\org\sonatype\plexus\plexus-sec-dispatcher\1.3\plexus-sec-dispatcher-1.3.jar;D:\5_MavenRepository\org\sonatype\plexus\plexus-cipher\1.4\plexus-cipher-1.4.jar;D:\5_MavenRepository\org\apache\maven\maven-builder-support\3.5.2\maven-builder-support-3.5.2.jar;D:\5_MavenRepository\org\apache\maven\maven-repository-metadata\3.5.2\maven-repository-metadata-3.5.2.jar;D:\5_MavenRepository\org\apache\maven\maven-artifact\3.5.2\maven-artifact-3.5.2.jar;D:\5_MavenRepository\org\apache\maven\maven-plugin-api\3.5.2\maven-plugin-api-3.5.2.jar;D:\5_MavenRepository\org\apache\maven\maven-model-builder\3.5.2\maven-model-builder-3.5.2.jar;D:\5_MavenRepository\org\apache\maven\maven-resolver-provider\3.5.2\maven-resolver-provider-3.5.2.jar;D:\5_MavenRepository\org\apache\maven\resolver\maven-resolver-impl\1.1.0\maven-resolver-impl-1.1.0.jar;D:\5_MavenRepository\org\apache\maven\resolver\maven-resolver-api\1.1.0\maven-resolver-api-1.1.0.jar;D:\5_MavenRepository\org\apache\maven\resolver\maven-resolver-spi\1.1.0\maven-resolver-spi-1.1.0.jar;D:\5_MavenRepository\org\apache\maven\resolver\maven-resolver-util\1.1.0\maven-resolver-util-1.1.0.jar;D:\5_MavenRepository\org\apache\maven\shared\maven-shared-utils\3.1.0\maven-shared-utils-3.1.0.jar;D:\5_MavenRepository\commons-io\commons-io\2.5\commons-io-2.5.jar;D:\5_MavenRepository\org\eclipse\sisu\org.eclipse.sisu.plexus\0.3.3\org.eclipse.sisu.plexus-0.3.3.jar;D:\5_MavenRepository\javax\enterprise\cdi-api\1.0\cdi-api-1.0.jar;D:\5_MavenRepository\javax\annotation\jsr250-api\1.0\jsr250-api-1.0.jar;D:\5_MavenRepository\org\eclipse\sisu\org.eclipse.sisu.inject\0.3.3\org.eclipse.sisu.inject-0.3.3.jar;D:\5_MavenRepository\com\google\inject\guice\4.0\guice-4.0-no_aop.jar;D:\5_MavenRepository\aopalliance\aopalliance\1.0\aopalliance-1.0.jar;D:\5_MavenRepository\com\google\guava\guava\20.0\guava-20.0.jar;D:\5_MavenRepository\javax\inject\javax.inject\1\javax.inject-1.jar;D:\5_MavenRepository\org\codehaus\plexus\plexus-utils\3.1.0\plexus-utils-3.1.0.jar;D:\5_MavenRepository\org\codehaus\plexus\plexus-classworlds\2.5.2\plexus-classworlds-2.5.2.jar;D:\5_MavenRepository\org\codehaus\plexus\plexus-component-annotations\1.7.1\plexus-component-annotations-1.7.1.jar;D:\5_MavenRepository\org\apache\commons\commons-lang3\3.8.1\commons-lang3-3.8.1.jar;"/>
    <property name="sun.cpu.endian" value="little"/>
    <property name="user.home" value="C:\Users\Administrator"/>
    <property name="user.language" value="zh"/>
    <property name="java.specification.vendor" value="Oracle Corporation"/>
    <property name="java.home" value="D:\Java\jdk1.8.0_212\jre"/>
    <property name="basedir" value="F:\dev\suncloud\sun-risk-control"/>
    <property name="file.separator" value="\"/>
    <property name="line.separator" value="&#10;"/>
    <property name="java.vm.specification.vendor" value="Oracle Corporation"/>
    <property name="java.specification.name" value="Java Platform API Specification"/>
    <property name="java.awt.graphicsenv" value="sun.awt.Win32GraphicsEnvironment"/>
    <property name="surefire.real.class.path" value="C:\Users\ADMINI~1\AppData\Local\Temp\surefire652677589191232325\surefirebooter182536467949155341.jar"/>
    <property name="sun.boot.class.path" value="D:\Java\jdk1.8.0_212\jre\lib\resources.jar;D:\Java\jdk1.8.0_212\jre\lib\rt.jar;D:\Java\jdk1.8.0_212\jre\lib\sunrsasign.jar;D:\Java\jdk1.8.0_212\jre\lib\jsse.jar;D:\Java\jdk1.8.0_212\jre\lib\jce.jar;D:\Java\jdk1.8.0_212\jre\lib\charsets.jar;D:\Java\jdk1.8.0_212\jre\lib\jfr.jar;D:\Java\jdk1.8.0_212\jre\classes"/>
    <property name="user.script" value=""/>
    <property name="sun.management.compiler" value="HotSpot 64-Bit Tiered Compilers"/>
    <property name="java.runtime.version" value="1.8.0_212-b10"/>
    <property name="user.name" value="Administrator"/>
    <property name="path.separator" value=";"/>
    <property name="os.version" value="6.1"/>
    <property name="java.endorsed.dirs" value="D:\Java\jdk1.8.0_212\jre\lib\endorsed"/>
    <property name="java.runtime.name" value="Java(TM) SE Runtime Environment"/>
    <property name="file.encoding" value="GBK"/>
    <property name="java.vm.name" value="Java HotSpot(TM) 64-Bit Server VM"/>
    <property name="localRepository" value="D:\5_MavenRepository"/>
    <property name="java.vendor.url.bug" value="http://bugreport.sun.com/bugreport/"/>
    <property name="java.io.tmpdir" value="C:\Users\ADMINI~1\AppData\Local\Temp\"/>
    <property name="java.version" value="1.8.0_212"/>
    <property name="user.dir" value="F:\dev\suncloud\sun-risk-control"/>
    <property name="os.arch" value="amd64"/>
    <property name="java.vm.specification.name" value="Java Virtual Machine Specification"/>
    <property name="java.awt.printerjob" value="sun.awt.windows.WPrinterJob"/>
    <property name="sun.os.patch.level" value="Service Pack 1"/>
    <property name="idea.version2019.1" value="true"/>
    <property name="java.library.path" value="D:\Java\jdk1.8.0_212\jre\bin;C:\Windows\Sun\Java\bin;C:\Windows\system32;C:\Windows;D:\Program Files (x86)\Python37-32\Scripts\;D:\Program Files (x86)\Python37-32\;C:\Program Files (x86)\Common Files\Oracle\Java\javapath;D:\Program Files (x86)\NetSarang\Xshell 6\;D:\Program Files (x86)\NetSarang\Xftp 6\;C:\Windows\system32;C:\Windows;C:\Windows\System32\Wbem;C:\Windows\System32\WindowsPowerShell\v1.0\;D:\Java\jdk1.8.0_212\bin;D:\Java\jdk1.8.0_212\jre\bin;d:\Program Files\Git\cmd;D:\Program Files\TortoiseGit\bin;D:\10_apache-maven-3.6.0\bin;D:\Program Files\nodejs\;;d:\Programs\Microsoft VS Code\bin;C:\Users\Administrator\AppData\Roaming\npm;d:\Program Files\JetBrains\IntelliJ IDEA 2019.1\bin;;."/>
    <property name="java.vm.info" value="mixed mode"/>
    <property name="java.vendor" value="Oracle Corporation"/>
    <property name="java.vm.version" value="25.212-b10"/>
    <property name="java.ext.dirs" value="D:\Java\jdk1.8.0_212\jre\lib\ext;C:\Windows\Sun\Java\lib\ext"/>
    <property name="sun.io.unicode.encoding" value="UnicodeLittle"/>
    <property name="maven.repo.local" value="D:\5_MavenRepository"/>
    <property name="java.class.version" value="52.0"/>
  </properties>
  <testcase name="testRelus" classname="com.farmer.riskkie.ApplicationTest" time="0.117"/>
</testsuite>